[ERROR] 2022-10-17 00:17:15.263 [main] DefaultDaoImpl - java.sql.SQLException: Column 'role_name' not found.
[ERROR] 2022-10-18 00:31:27.564 [main] DefaultDaoImpl - java.sql.SQLSyntaxErrorException: Unknown table 'service' in field list
[ERROR] 2022-10-18 22:02:21.833 [main] DefaultDaoImpl - java.sql.SQLException: Column 'role_name' not found.
[ERROR] 2022-10-18 22:04:42.983 [main] DefaultDaoImpl - java.sql.SQLException: Column 'role_name' not found.
[ERROR] 2022-10-20 17:57:44.592 [main] DefaultDaoImpl - java.sql.SQLException: Column 'orders_id' not found.
[ERROR] 2022-10-20 18:01:01.535 [main] DefaultDaoImpl - java.sql.SQLException: Column 'orders_id' not found.
[ERROR] 2022-10-20 19:02:04.978 [main] DefaultDaoImpl - java.sql.SQLSyntaxErrorException: You have an error in your SQL syntax; check the manual that corresponds to your MySQL server version for the right syntax to use near '= 3' at line 1
[ERROR] 2022-10-26 18:15:58.838 [main] DefaultDaoImpl - java.sql.SQLSyntaxErrorException: Unknown column 'respond.time' in 'field list'
[ERROR] 2022-10-26 18:22:25.713 [main] DefaultDaoImpl - java.sql.SQLSyntaxErrorException: Unknown column 'respond.time' in 'field list'
[ERROR] 2022-10-26 20:41:41.845 [main] DefaultDaoImpl - java.sql.SQLSyntaxErrorException: You have an error in your SQL syntax; check the manual that corresponds to your MySQL server version for the right syntax to use near '= 5 AND user.role_id = 1' at line 1
[ERROR] 2022-10-26 20:43:05.101 [main] DefaultDaoImpl - java.sql.SQLSyntaxErrorException: You have an error in your SQL syntax; check the manual that corresponds to your MySQL server version for the right syntax to use near '= 5 AND user.role_id = 1' at line 1
[ERROR] 2022-10-26 20:51:35.096 [main] DefaultDaoImpl - java.sql.SQLSyntaxErrorException: Unknown column 'user.role_id' in 'where clause'
[INFO ] 2022-10-28 01:45:24.073 [main] SendEmail - session ==>javax.mail.Session@5ef60048
[INFO ] 2022-10-28 01:45:24.107 [main] SendEmail - transport ==>smtp://melmaksan1377@smtp.gmail.com
[INFO ] 2022-10-28 01:45:25.207 [main] SendEmail - javax.mail.AuthenticationFailedException: 535-5.7.8 Username and Password not accepted. Learn more at
535 5.7.8  https://support.google.com/mail/?p=BadCredentials n17-20020a17090695d100b007803083a36asm1351030ejy.115 - gsmtp

[INFO ] 2022-10-28 01:46:41.101 [main] SendEmail - session ==>javax.mail.Session@5ef60048
[INFO ] 2022-10-28 01:46:41.141 [main] SendEmail - transport ==>smtp://melmaksan1377@smtp.gmail.com
[INFO ] 2022-10-28 01:46:42.170 [main] SendEmail - javax.mail.AuthenticationFailedException: 535-5.7.8 Username and Password not accepted. Learn more at
535 5.7.8  https://support.google.com/mail/?p=BadCredentials i24-20020a056402055800b00458d50b4a24sm1618069edx.96 - gsmtp

[INFO ] 2022-10-28 01:48:17.171 [main] SendEmail - session ==>javax.mail.Session@17c386de
[INFO ] 2022-10-28 01:48:17.205 [main] SendEmail - transport ==>smtp://melmaksan1377%40gmail.com@smtp.gmail.com
[INFO ] 2022-10-28 01:48:18.086 [main] SendEmail - javax.mail.AuthenticationFailedException: 535-5.7.8 Username and Password not accepted. Learn more at
535 5.7.8  https://support.google.com/mail/?p=BadCredentials lb13-20020a170907784d00b007030c97ae62sm1383682ejc.191 - gsmtp

[INFO ] 2022-10-28 01:50:11.890 [main] SendEmail - session ==>javax.mail.Session@5ef60048
[INFO ] 2022-10-28 01:50:11.937 [main] SendEmail - transport ==>smtp://melmaksan1377@smtp.gmail.com
[INFO ] 2022-10-28 01:50:12.717 [main] SendEmail - javax.mail.AuthenticationFailedException: 535-5.7.8 Username and Password not accepted. Learn more at
535 5.7.8  https://support.google.com/mail/?p=BadCredentials o13-20020a170906768d00b0078d424e8c09sm1330732ejm.77 - gsmtp

[INFO ] 2022-10-28 01:52:10.922 [main] SendEmail - session ==>javax.mail.Session@5ef60048
[INFO ] 2022-10-28 01:52:10.959 [main] SendEmail - transport ==>smtp://maks.meleschuk@smtp.gmail.com
[INFO ] 2022-10-28 01:52:11.783 [main] SendEmail - javax.mail.AuthenticationFailedException: 535-5.7.8 Username and Password not accepted. Learn more at
535 5.7.8  https://support.google.com/mail/?p=BadCredentials k20-20020a1709067ad400b00788c820e630sm1312854ejo.121 - gsmtp

[INFO ] 2022-10-28 01:53:21.636 [main] SendEmail - session ==>javax.mail.Session@14a2f921
[INFO ] 2022-10-28 01:53:21.688 [main] SendEmail - transport ==>smtp://melmaksan1377@smtp.gmail.com
[INFO ] 2022-10-28 01:53:22.593 [main] SendEmail - javax.mail.AuthenticationFailedException: 535-5.7.8 Username and Password not accepted. Learn more at
535 5.7.8  https://support.google.com/mail/?p=BadCredentials 4-20020a170906310400b007abaff3a97asm1360926ejx.221 - gsmtp

[INFO ] 2022-10-28 02:00:02.671 [main] SendEmail - session ==>javax.mail.Session@5762806e
[INFO ] 2022-10-28 02:00:02.704 [main] SendEmail - transport ==>smtp://Maksym@smtp.gmail.com
[INFO ] 2022-10-28 02:00:03.788 [main] SendEmail - javax.mail.AuthenticationFailedException: 535-5.7.8 Username and Password not accepted. Learn more at
535 5.7.8  https://support.google.com/mail/?p=BadCredentials md27-20020a170906ae9b00b007ad69e9d34dsm1436706ejb.54 - gsmtp

[INFO ] 2022-10-28 02:07:36.745 [main] SendEmail - session ==>javax.mail.Session@5762806e
[INFO ] 2022-10-28 02:07:36.780 [main] SendEmail - transport ==>smtp://Maksym@smtp.gmail.com
[INFO ] 2022-10-28 02:07:38.078 [main] SendEmail - javax.mail.AuthenticationFailedException: 535-5.7.8 Username and Password not accepted. Learn more at
535 5.7.8  https://support.google.com/mail/?p=BadCredentials k2-20020aa7d2c2000000b0044ef2ac2650sm1620238edr.90 - gsmtp

[INFO ] 2022-10-28 02:10:46.314 [main] SendEmail - session ==>javax.mail.Session@5762806e
[INFO ] 2022-10-28 02:10:46.360 [main] SendEmail - transport ==>smtp://Maksym@smtp.gmail.com
[INFO ] 2022-10-28 02:10:47.609 [main] SendEmail - javax.mail.AuthenticationFailedException: 535-5.7.8 Username and Password not accepted. Learn more at
535 5.7.8  https://support.google.com/mail/?p=BadCredentials u10-20020a1709061daa00b00738795e7d9bsm1405756ejh.2 - gsmtp

[INFO ] 2022-10-28 02:16:01.295 [main] SendEmail - email ==> org.apache.commons.mail.SimpleEmail@12d3a4e9
[INFO ] 2022-10-28 02:16:01.312 [main] SendEmail - email ==> org.apache.commons.mail.SimpleEmail@12d3a4e9
[INFO ] 2022-10-28 02:21:12.120 [main] SendEmail - email ==> org.apache.commons.mail.SimpleEmail@12d3a4e9
[ERROR] 2022-10-28 15:10:42.939 [main] DefaultDaoImpl - java.sql.SQLSyntaxErrorException: You have an error in your SQL syntax; check the manual that corresponds to your MySQL server version for the right syntax to use near '.time >= '2022-10-27' AND orders.time <= '2022-10-28' AND orders.status_id = 2' at line 1
[ERROR] 2022-10-28 15:11:02.890 [main] DefaultDaoImpl - java.sql.SQLException: Column 'status_name' not found.
[ERROR] 2022-10-28 15:13:10.727 [main] DefaultDaoImpl - java.sql.SQLException: Column 'status_name' not found.
[INFO ] 2022-10-28 16:29:39.107 [main] SendEmail - specialists ==> [User{id=2, firstName='Alex', lastName='Jones', login='alex.spec@mma.com', password='92984524c562dcc97f4939ba3c903d3e7aa880e3cf1060557de8175b2dab53e8', phoneNumber='+380449379992', rating=4.400000095367432, role={id=3, name='SPECIALIST'}}, User{id=3, firstName='Yulia', lastName='Gerasimova', login='yulia.spec@mma.com', password='92984524c562dcc97f4939ba3c903d3e7aa880e3cf1060557de8175b2dab53e8', phoneNumber='+380449379992', rating=4.199999809265137, role={id=3, name='SPECIALIST'}}, User{id=4, firstName='Anna', lastName='Yakovenko', login='anna.spec@mma.com', password='92984524c562dcc97f4939ba3c903d3e7aa880e3cf1060557de8175b2dab53e8', phoneNumber='+380449379992', rating=4.0, role={id=3, name='SPECIALIST'}}, User{id=5, firstName='Iryna', lastName='Tydnyuk', login='iryna.spec@mma.com', password='92984524c562dcc97f4939ba3c903d3e7aa880e3cf1060557de8175b2dab53e8', phoneNumber='+380449379992', rating=5.0, role={id=3, name='SPECIALIST'}}, User{id=6, firstName='Regina', lastName='Romanova', login='regina.spec@mma.com', password='92984524c562dcc97f4939ba3c903d3e7aa880e3cf1060557de8175b2dab53e8', phoneNumber='+380449379992', rating=4.800000190734863, role={id=3, name='SPECIALIST'}}, User{id=7, firstName='Nataliya', lastName='Novitska', login='nataliya.spec@mma.com', password='92984524c562dcc97f4939ba3c903d3e7aa880e3cf1060557de8175b2dab53e8', phoneNumber='+380449379992', rating=4.5, role={id=3, name='SPECIALIST'}}]
[INFO ] 2022-10-28 16:29:39.150 [main] SendEmail - specialists ==> [User{id=2, firstName='Alex', lastName='Jones', login='alex.spec@mma.com', password='92984524c562dcc97f4939ba3c903d3e7aa880e3cf1060557de8175b2dab53e8', phoneNumber='+380449379992', rating=4.400000095367432, role={id=3, name='SPECIALIST'}}, User{id=3, firstName='Yulia', lastName='Gerasimova', login='yulia.spec@mma.com', password='92984524c562dcc97f4939ba3c903d3e7aa880e3cf1060557de8175b2dab53e8', phoneNumber='+380449379992', rating=4.199999809265137, role={id=3, name='SPECIALIST'}}, User{id=4, firstName='Anna', lastName='Yakovenko', login='anna.spec@mma.com', password='92984524c562dcc97f4939ba3c903d3e7aa880e3cf1060557de8175b2dab53e8', phoneNumber='+380449379992', rating=4.0, role={id=3, name='SPECIALIST'}}, User{id=5, firstName='Iryna', lastName='Tydnyuk', login='iryna.spec@mma.com', password='92984524c562dcc97f4939ba3c903d3e7aa880e3cf1060557de8175b2dab53e8', phoneNumber='+380449379992', rating=5.0, role={id=3, name='SPECIALIST'}}, User{id=6, firstName='Regina', lastName='Romanova', login='regina.spec@mma.com', password='92984524c562dcc97f4939ba3c903d3e7aa880e3cf1060557de8175b2dab53e8', phoneNumber='+380449379992', rating=4.800000190734863, role={id=3, name='SPECIALIST'}}, User{id=7, firstName='Nataliya', lastName='Novitska', login='nataliya.spec@mma.com', password='92984524c562dcc97f4939ba3c903d3e7aa880e3cf1060557de8175b2dab53e8', phoneNumber='+380449379992', rating=4.5, role={id=3, name='SPECIALIST'}}]
[INFO ] 2022-10-28 16:29:39.155 [main] SendEmail - for user1 rate is 4.5
[INFO ] 2022-10-28 16:29:39.161 [main] SendEmail - specialists ==> [User{id=2, firstName='Alex', lastName='Jones', login='alex.spec@mma.com', password='92984524c562dcc97f4939ba3c903d3e7aa880e3cf1060557de8175b2dab53e8', phoneNumber='+380449379992', rating=4.400000095367432, role={id=3, name='SPECIALIST'}}, User{id=3, firstName='Yulia', lastName='Gerasimova', login='yulia.spec@mma.com', password='92984524c562dcc97f4939ba3c903d3e7aa880e3cf1060557de8175b2dab53e8', phoneNumber='+380449379992', rating=4.199999809265137, role={id=3, name='SPECIALIST'}}, User{id=4, firstName='Anna', lastName='Yakovenko', login='anna.spec@mma.com', password='92984524c562dcc97f4939ba3c903d3e7aa880e3cf1060557de8175b2dab53e8', phoneNumber='+380449379992', rating=4.0, role={id=3, name='SPECIALIST'}}, User{id=5, firstName='Iryna', lastName='Tydnyuk', login='iryna.spec@mma.com', password='92984524c562dcc97f4939ba3c903d3e7aa880e3cf1060557de8175b2dab53e8', phoneNumber='+380449379992', rating=5.0, role={id=3, name='SPECIALIST'}}, User{id=6, firstName='Regina', lastName='Romanova', login='regina.spec@mma.com', password='92984524c562dcc97f4939ba3c903d3e7aa880e3cf1060557de8175b2dab53e8', phoneNumber='+380449379992', rating=4.800000190734863, role={id=3, name='SPECIALIST'}}, User{id=7, firstName='Nataliya', lastName='Novitska', login='nataliya.spec@mma.com', password='92984524c562dcc97f4939ba3c903d3e7aa880e3cf1060557de8175b2dab53e8', phoneNumber='+380449379992', rating=4.5, role={id=3, name='SPECIALIST'}}]
[INFO ] 2022-10-28 16:29:39.161 [main] SendEmail - for user2 rate is 4.0
[INFO ] 2022-10-28 16:29:39.170 [main] SendEmail - specialists ==> [User{id=2, firstName='Alex', lastName='Jones', login='alex.spec@mma.com', password='92984524c562dcc97f4939ba3c903d3e7aa880e3cf1060557de8175b2dab53e8', phoneNumber='+380449379992', rating=4.400000095367432, role={id=3, name='SPECIALIST'}}, User{id=3, firstName='Yulia', lastName='Gerasimova', login='yulia.spec@mma.com', password='92984524c562dcc97f4939ba3c903d3e7aa880e3cf1060557de8175b2dab53e8', phoneNumber='+380449379992', rating=4.199999809265137, role={id=3, name='SPECIALIST'}}, User{id=4, firstName='Anna', lastName='Yakovenko', login='anna.spec@mma.com', password='92984524c562dcc97f4939ba3c903d3e7aa880e3cf1060557de8175b2dab53e8', phoneNumber='+380449379992', rating=4.0, role={id=3, name='SPECIALIST'}}, User{id=5, firstName='Iryna', lastName='Tydnyuk', login='iryna.spec@mma.com', password='92984524c562dcc97f4939ba3c903d3e7aa880e3cf1060557de8175b2dab53e8', phoneNumber='+380449379992', rating=5.0, role={id=3, name='SPECIALIST'}}, User{id=6, firstName='Regina', lastName='Romanova', login='regina.spec@mma.com', password='92984524c562dcc97f4939ba3c903d3e7aa880e3cf1060557de8175b2dab53e8', phoneNumber='+380449379992', rating=4.800000190734863, role={id=3, name='SPECIALIST'}}, User{id=7, firstName='Nataliya', lastName='Novitska', login='nataliya.spec@mma.com', password='92984524c562dcc97f4939ba3c903d3e7aa880e3cf1060557de8175b2dab53e8', phoneNumber='+380449379992', rating=4.5, role={id=3, name='SPECIALIST'}}]
[INFO ] 2022-10-28 16:29:39.171 [main] SendEmail - for user3 rate is 5.0
[INFO ] 2022-10-28 16:29:39.180 [main] SendEmail - specialists ==> [User{id=2, firstName='Alex', lastName='Jones', login='alex.spec@mma.com', password='92984524c562dcc97f4939ba3c903d3e7aa880e3cf1060557de8175b2dab53e8', phoneNumber='+380449379992', rating=4.400000095367432, role={id=3, name='SPECIALIST'}}, User{id=3, firstName='Yulia', lastName='Gerasimova', login='yulia.spec@mma.com', password='92984524c562dcc97f4939ba3c903d3e7aa880e3cf1060557de8175b2dab53e8', phoneNumber='+380449379992', rating=4.199999809265137, role={id=3, name='SPECIALIST'}}, User{id=4, firstName='Anna', lastName='Yakovenko', login='anna.spec@mma.com', password='92984524c562dcc97f4939ba3c903d3e7aa880e3cf1060557de8175b2dab53e8', phoneNumber='+380449379992', rating=4.0, role={id=3, name='SPECIALIST'}}, User{id=5, firstName='Iryna', lastName='Tydnyuk', login='iryna.spec@mma.com', password='92984524c562dcc97f4939ba3c903d3e7aa880e3cf1060557de8175b2dab53e8', phoneNumber='+380449379992', rating=5.0, role={id=3, name='SPECIALIST'}}, User{id=6, firstName='Regina', lastName='Romanova', login='regina.spec@mma.com', password='92984524c562dcc97f4939ba3c903d3e7aa880e3cf1060557de8175b2dab53e8', phoneNumber='+380449379992', rating=4.800000190734863, role={id=3, name='SPECIALIST'}}, User{id=7, firstName='Nataliya', lastName='Novitska', login='nataliya.spec@mma.com', password='92984524c562dcc97f4939ba3c903d3e7aa880e3cf1060557de8175b2dab53e8', phoneNumber='+380449379992', rating=4.5, role={id=3, name='SPECIALIST'}}]
[INFO ] 2022-10-28 16:29:39.181 [main] SendEmail - for user4 rate is 4.5
[INFO ] 2022-10-28 16:29:39.185 [main] SendEmail - specialists ==> [User{id=2, firstName='Alex', lastName='Jones', login='alex.spec@mma.com', password='92984524c562dcc97f4939ba3c903d3e7aa880e3cf1060557de8175b2dab53e8', phoneNumber='+380449379992', rating=4.400000095367432, role={id=3, name='SPECIALIST'}}, User{id=3, firstName='Yulia', lastName='Gerasimova', login='yulia.spec@mma.com', password='92984524c562dcc97f4939ba3c903d3e7aa880e3cf1060557de8175b2dab53e8', phoneNumber='+380449379992', rating=4.199999809265137, role={id=3, name='SPECIALIST'}}, User{id=4, firstName='Anna', lastName='Yakovenko', login='anna.spec@mma.com', password='92984524c562dcc97f4939ba3c903d3e7aa880e3cf1060557de8175b2dab53e8', phoneNumber='+380449379992', rating=4.0, role={id=3, name='SPECIALIST'}}, User{id=5, firstName='Iryna', lastName='Tydnyuk', login='iryna.spec@mma.com', password='92984524c562dcc97f4939ba3c903d3e7aa880e3cf1060557de8175b2dab53e8', phoneNumber='+380449379992', rating=5.0, role={id=3, name='SPECIALIST'}}, User{id=6, firstName='Regina', lastName='Romanova', login='regina.spec@mma.com', password='92984524c562dcc97f4939ba3c903d3e7aa880e3cf1060557de8175b2dab53e8', phoneNumber='+380449379992', rating=4.800000190734863, role={id=3, name='SPECIALIST'}}, User{id=7, firstName='Nataliya', lastName='Novitska', login='nataliya.spec@mma.com', password='92984524c562dcc97f4939ba3c903d3e7aa880e3cf1060557de8175b2dab53e8', phoneNumber='+380449379992', rating=4.5, role={id=3, name='SPECIALIST'}}]
[INFO ] 2022-10-28 16:29:39.185 [main] SendEmail - for user5 rate is 5.0
[INFO ] 2022-10-28 16:29:39.186 [main] SendEmail - specialists ==> [User{id=2, firstName='Alex', lastName='Jones', login='alex.spec@mma.com', password='92984524c562dcc97f4939ba3c903d3e7aa880e3cf1060557de8175b2dab53e8', phoneNumber='+380449379992', rating=4.400000095367432, role={id=3, name='SPECIALIST'}}, User{id=3, firstName='Yulia', lastName='Gerasimova', login='yulia.spec@mma.com', password='92984524c562dcc97f4939ba3c903d3e7aa880e3cf1060557de8175b2dab53e8', phoneNumber='+380449379992', rating=4.199999809265137, role={id=3, name='SPECIALIST'}}, User{id=4, firstName='Anna', lastName='Yakovenko', login='anna.spec@mma.com', password='92984524c562dcc97f4939ba3c903d3e7aa880e3cf1060557de8175b2dab53e8', phoneNumber='+380449379992', rating=4.0, role={id=3, name='SPECIALIST'}}, User{id=5, firstName='Iryna', lastName='Tydnyuk', login='iryna.spec@mma.com', password='92984524c562dcc97f4939ba3c903d3e7aa880e3cf1060557de8175b2dab53e8', phoneNumber='+380449379992', rating=5.0, role={id=3, name='SPECIALIST'}}, User{id=6, firstName='Regina', lastName='Romanova', login='regina.spec@mma.com', password='92984524c562dcc97f4939ba3c903d3e7aa880e3cf1060557de8175b2dab53e8', phoneNumber='+380449379992', rating=4.800000190734863, role={id=3, name='SPECIALIST'}}, User{id=7, firstName='Nataliya', lastName='Novitska', login='nataliya.spec@mma.com', password='92984524c562dcc97f4939ba3c903d3e7aa880e3cf1060557de8175b2dab53e8', phoneNumber='+380449379992', rating=4.5, role={id=3, name='SPECIALIST'}}]
[INFO ] 2022-10-28 16:29:39.186 [main] SendEmail - for user6 rate is 0
[INFO ] 2022-10-28 16:29:51.714 [main] SendEmail - specialists ==> [User{id=2, firstName='Alex', lastName='Jones', login='alex.spec@mma.com', password='92984524c562dcc97f4939ba3c903d3e7aa880e3cf1060557de8175b2dab53e8', phoneNumber='+380449379992', rating=4.400000095367432, role={id=3, name='SPECIALIST'}}, User{id=3, firstName='Yulia', lastName='Gerasimova', login='yulia.spec@mma.com', password='92984524c562dcc97f4939ba3c903d3e7aa880e3cf1060557de8175b2dab53e8', phoneNumber='+380449379992', rating=4.199999809265137, role={id=3, name='SPECIALIST'}}, User{id=4, firstName='Anna', lastName='Yakovenko', login='anna.spec@mma.com', password='92984524c562dcc97f4939ba3c903d3e7aa880e3cf1060557de8175b2dab53e8', phoneNumber='+380449379992', rating=4.0, role={id=3, name='SPECIALIST'}}, User{id=5, firstName='Iryna', lastName='Tydnyuk', login='iryna.spec@mma.com', password='92984524c562dcc97f4939ba3c903d3e7aa880e3cf1060557de8175b2dab53e8', phoneNumber='+380449379992', rating=5.0, role={id=3, name='SPECIALIST'}}, User{id=6, firstName='Regina', lastName='Romanova', login='regina.spec@mma.com', password='92984524c562dcc97f4939ba3c903d3e7aa880e3cf1060557de8175b2dab53e8', phoneNumber='+380449379992', rating=4.800000190734863, role={id=3, name='SPECIALIST'}}, User{id=7, firstName='Nataliya', lastName='Novitska', login='nataliya.spec@mma.com', password='92984524c562dcc97f4939ba3c903d3e7aa880e3cf1060557de8175b2dab53e8', phoneNumber='+380449379992', rating=4.5, role={id=3, name='SPECIALIST'}}]
[INFO ] 2022-10-28 16:29:51.719 [main] SendEmail - for user1 rate is 4.5
[INFO ] 2022-10-28 16:29:51.725 [main] SendEmail - specialists ==> [User{id=2, firstName='Alex', lastName='Jones', login='alex.spec@mma.com', password='92984524c562dcc97f4939ba3c903d3e7aa880e3cf1060557de8175b2dab53e8', phoneNumber='+380449379992', rating=4.400000095367432, role={id=3, name='SPECIALIST'}}, User{id=3, firstName='Yulia', lastName='Gerasimova', login='yulia.spec@mma.com', password='92984524c562dcc97f4939ba3c903d3e7aa880e3cf1060557de8175b2dab53e8', phoneNumber='+380449379992', rating=4.199999809265137, role={id=3, name='SPECIALIST'}}, User{id=4, firstName='Anna', lastName='Yakovenko', login='anna.spec@mma.com', password='92984524c562dcc97f4939ba3c903d3e7aa880e3cf1060557de8175b2dab53e8', phoneNumber='+380449379992', rating=4.0, role={id=3, name='SPECIALIST'}}, User{id=5, firstName='Iryna', lastName='Tydnyuk', login='iryna.spec@mma.com', password='92984524c562dcc97f4939ba3c903d3e7aa880e3cf1060557de8175b2dab53e8', phoneNumber='+380449379992', rating=5.0, role={id=3, name='SPECIALIST'}}, User{id=6, firstName='Regina', lastName='Romanova', login='regina.spec@mma.com', password='92984524c562dcc97f4939ba3c903d3e7aa880e3cf1060557de8175b2dab53e8', phoneNumber='+380449379992', rating=4.800000190734863, role={id=3, name='SPECIALIST'}}, User{id=7, firstName='Nataliya', lastName='Novitska', login='nataliya.spec@mma.com', password='92984524c562dcc97f4939ba3c903d3e7aa880e3cf1060557de8175b2dab53e8', phoneNumber='+380449379992', rating=4.5, role={id=3, name='SPECIALIST'}}]
[INFO ] 2022-10-28 16:29:51.726 [main] SendEmail - for user2 rate is 4.0
[INFO ] 2022-10-28 16:29:51.742 [main] SendEmail - specialists ==> [User{id=2, firstName='Alex', lastName='Jones', login='alex.spec@mma.com', password='92984524c562dcc97f4939ba3c903d3e7aa880e3cf1060557de8175b2dab53e8', phoneNumber='+380449379992', rating=4.400000095367432, role={id=3, name='SPECIALIST'}}, User{id=3, firstName='Yulia', lastName='Gerasimova', login='yulia.spec@mma.com', password='92984524c562dcc97f4939ba3c903d3e7aa880e3cf1060557de8175b2dab53e8', phoneNumber='+380449379992', rating=4.199999809265137, role={id=3, name='SPECIALIST'}}, User{id=4, firstName='Anna', lastName='Yakovenko', login='anna.spec@mma.com', password='92984524c562dcc97f4939ba3c903d3e7aa880e3cf1060557de8175b2dab53e8', phoneNumber='+380449379992', rating=4.0, role={id=3, name='SPECIALIST'}}, User{id=5, firstName='Iryna', lastName='Tydnyuk', login='iryna.spec@mma.com', password='92984524c562dcc97f4939ba3c903d3e7aa880e3cf1060557de8175b2dab53e8', phoneNumber='+380449379992', rating=5.0, role={id=3, name='SPECIALIST'}}, User{id=6, firstName='Regina', lastName='Romanova', login='regina.spec@mma.com', password='92984524c562dcc97f4939ba3c903d3e7aa880e3cf1060557de8175b2dab53e8', phoneNumber='+380449379992', rating=4.800000190734863, role={id=3, name='SPECIALIST'}}, User{id=7, firstName='Nataliya', lastName='Novitska', login='nataliya.spec@mma.com', password='92984524c562dcc97f4939ba3c903d3e7aa880e3cf1060557de8175b2dab53e8', phoneNumber='+380449379992', rating=4.5, role={id=3, name='SPECIALIST'}}]
[INFO ] 2022-10-28 16:29:51.742 [main] SendEmail - for user3 rate is 5.0
[INFO ] 2022-10-28 16:29:51.759 [main] SendEmail - specialists ==> [User{id=2, firstName='Alex', lastName='Jones', login='alex.spec@mma.com', password='92984524c562dcc97f4939ba3c903d3e7aa880e3cf1060557de8175b2dab53e8', phoneNumber='+380449379992', rating=4.400000095367432, role={id=3, name='SPECIALIST'}}, User{id=3, firstName='Yulia', lastName='Gerasimova', login='yulia.spec@mma.com', password='92984524c562dcc97f4939ba3c903d3e7aa880e3cf1060557de8175b2dab53e8', phoneNumber='+380449379992', rating=4.199999809265137, role={id=3, name='SPECIALIST'}}, User{id=4, firstName='Anna', lastName='Yakovenko', login='anna.spec@mma.com', password='92984524c562dcc97f4939ba3c903d3e7aa880e3cf1060557de8175b2dab53e8', phoneNumber='+380449379992', rating=4.0, role={id=3, name='SPECIALIST'}}, User{id=5, firstName='Iryna', lastName='Tydnyuk', login='iryna.spec@mma.com', password='92984524c562dcc97f4939ba3c903d3e7aa880e3cf1060557de8175b2dab53e8', phoneNumber='+380449379992', rating=5.0, role={id=3, name='SPECIALIST'}}, User{id=6, firstName='Regina', lastName='Romanova', login='regina.spec@mma.com', password='92984524c562dcc97f4939ba3c903d3e7aa880e3cf1060557de8175b2dab53e8', phoneNumber='+380449379992', rating=4.800000190734863, role={id=3, name='SPECIALIST'}}, User{id=7, firstName='Nataliya', lastName='Novitska', login='nataliya.spec@mma.com', password='92984524c562dcc97f4939ba3c903d3e7aa880e3cf1060557de8175b2dab53e8', phoneNumber='+380449379992', rating=4.5, role={id=3, name='SPECIALIST'}}]
[INFO ] 2022-10-28 16:29:51.759 [main] SendEmail - for user4 rate is 4.5
[INFO ] 2022-10-28 16:29:51.766 [main] SendEmail - specialists ==> [User{id=2, firstName='Alex', lastName='Jones', login='alex.spec@mma.com', password='92984524c562dcc97f4939ba3c903d3e7aa880e3cf1060557de8175b2dab53e8', phoneNumber='+380449379992', rating=4.400000095367432, role={id=3, name='SPECIALIST'}}, User{id=3, firstName='Yulia', lastName='Gerasimova', login='yulia.spec@mma.com', password='92984524c562dcc97f4939ba3c903d3e7aa880e3cf1060557de8175b2dab53e8', phoneNumber='+380449379992', rating=4.199999809265137, role={id=3, name='SPECIALIST'}}, User{id=4, firstName='Anna', lastName='Yakovenko', login='anna.spec@mma.com', password='92984524c562dcc97f4939ba3c903d3e7aa880e3cf1060557de8175b2dab53e8', phoneNumber='+380449379992', rating=4.0, role={id=3, name='SPECIALIST'}}, User{id=5, firstName='Iryna', lastName='Tydnyuk', login='iryna.spec@mma.com', password='92984524c562dcc97f4939ba3c903d3e7aa880e3cf1060557de8175b2dab53e8', phoneNumber='+380449379992', rating=5.0, role={id=3, name='SPECIALIST'}}, User{id=6, firstName='Regina', lastName='Romanova', login='regina.spec@mma.com', password='92984524c562dcc97f4939ba3c903d3e7aa880e3cf1060557de8175b2dab53e8', phoneNumber='+380449379992', rating=4.800000190734863, role={id=3, name='SPECIALIST'}}, User{id=7, firstName='Nataliya', lastName='Novitska', login='nataliya.spec@mma.com', password='92984524c562dcc97f4939ba3c903d3e7aa880e3cf1060557de8175b2dab53e8', phoneNumber='+380449379992', rating=4.5, role={id=3, name='SPECIALIST'}}]
[INFO ] 2022-10-28 16:29:51.767 [main] SendEmail - for user5 rate is 5.0
[INFO ] 2022-10-28 16:29:51.768 [main] SendEmail - specialists ==> [User{id=2, firstName='Alex', lastName='Jones', login='alex.spec@mma.com', password='92984524c562dcc97f4939ba3c903d3e7aa880e3cf1060557de8175b2dab53e8', phoneNumber='+380449379992', rating=4.400000095367432, role={id=3, name='SPECIALIST'}}, User{id=3, firstName='Yulia', lastName='Gerasimova', login='yulia.spec@mma.com', password='92984524c562dcc97f4939ba3c903d3e7aa880e3cf1060557de8175b2dab53e8', phoneNumber='+380449379992', rating=4.199999809265137, role={id=3, name='SPECIALIST'}}, User{id=4, firstName='Anna', lastName='Yakovenko', login='anna.spec@mma.com', password='92984524c562dcc97f4939ba3c903d3e7aa880e3cf1060557de8175b2dab53e8', phoneNumber='+380449379992', rating=4.0, role={id=3, name='SPECIALIST'}}, User{id=5, firstName='Iryna', lastName='Tydnyuk', login='iryna.spec@mma.com', password='92984524c562dcc97f4939ba3c903d3e7aa880e3cf1060557de8175b2dab53e8', phoneNumber='+380449379992', rating=5.0, role={id=3, name='SPECIALIST'}}, User{id=6, firstName='Regina', lastName='Romanova', login='regina.spec@mma.com', password='92984524c562dcc97f4939ba3c903d3e7aa880e3cf1060557de8175b2dab53e8', phoneNumber='+380449379992', rating=4.800000190734863, role={id=3, name='SPECIALIST'}}, User{id=7, firstName='Nataliya', lastName='Novitska', login='nataliya.spec@mma.com', password='92984524c562dcc97f4939ba3c903d3e7aa880e3cf1060557de8175b2dab53e8', phoneNumber='+380449379992', rating=4.5, role={id=3, name='SPECIALIST'}}]
[INFO ] 2022-10-28 16:29:51.768 [main] SendEmail - for user6 rate is 0
[INFO ] 2022-10-28 16:31:08.184 [main] SendEmail - specialists ==> [User{id=2, firstName='Alex', lastName='Jones'}, User{id=3, firstName='Yulia', lastName='Gerasimova'}, User{id=4, firstName='Anna', lastName='Yakovenko'}, User{id=5, firstName='Iryna', lastName='Tydnyuk'}, User{id=6, firstName='Regina', lastName='Romanova'}, User{id=7, firstName='Nataliya', lastName='Novitska'}]
[INFO ] 2022-10-28 16:31:08.191 [main] SendEmail - for user1 rate is 4.5
[INFO ] 2022-10-28 16:31:08.201 [main] SendEmail - specialists ==> [User{id=2, firstName='Alex', lastName='Jones'}, User{id=3, firstName='Yulia', lastName='Gerasimova'}, User{id=4, firstName='Anna', lastName='Yakovenko'}, User{id=5, firstName='Iryna', lastName='Tydnyuk'}, User{id=6, firstName='Regina', lastName='Romanova'}, User{id=7, firstName='Nataliya', lastName='Novitska'}]
[INFO ] 2022-10-28 16:31:08.201 [main] SendEmail - for user2 rate is 4.0
[INFO ] 2022-10-28 16:31:08.214 [main] SendEmail - specialists ==> [User{id=2, firstName='Alex', lastName='Jones'}, User{id=3, firstName='Yulia', lastName='Gerasimova'}, User{id=4, firstName='Anna', lastName='Yakovenko'}, User{id=5, firstName='Iryna', lastName='Tydnyuk'}, User{id=6, firstName='Regina', lastName='Romanova'}, User{id=7, firstName='Nataliya', lastName='Novitska'}]
[INFO ] 2022-10-28 16:31:08.214 [main] SendEmail - for user3 rate is 5.0
[INFO ] 2022-10-28 16:31:08.227 [main] SendEmail - specialists ==> [User{id=2, firstName='Alex', lastName='Jones'}, User{id=3, firstName='Yulia', lastName='Gerasimova'}, User{id=4, firstName='Anna', lastName='Yakovenko'}, User{id=5, firstName='Iryna', lastName='Tydnyuk'}, User{id=6, firstName='Regina', lastName='Romanova'}, User{id=7, firstName='Nataliya', lastName='Novitska'}]
[INFO ] 2022-10-28 16:31:08.227 [main] SendEmail - for user4 rate is 4.5
[INFO ] 2022-10-28 16:31:08.234 [main] SendEmail - specialists ==> [User{id=2, firstName='Alex', lastName='Jones'}, User{id=3, firstName='Yulia', lastName='Gerasimova'}, User{id=4, firstName='Anna', lastName='Yakovenko'}, User{id=5, firstName='Iryna', lastName='Tydnyuk'}, User{id=6, firstName='Regina', lastName='Romanova'}, User{id=7, firstName='Nataliya', lastName='Novitska'}]
[INFO ] 2022-10-28 16:31:08.234 [main] SendEmail - for user5 rate is 5.0
[INFO ] 2022-10-28 16:31:08.235 [main] SendEmail - specialists ==> [User{id=2, firstName='Alex', lastName='Jones'}, User{id=3, firstName='Yulia', lastName='Gerasimova'}, User{id=4, firstName='Anna', lastName='Yakovenko'}, User{id=5, firstName='Iryna', lastName='Tydnyuk'}, User{id=6, firstName='Regina', lastName='Romanova'}, User{id=7, firstName='Nataliya', lastName='Novitska'}]
[INFO ] 2022-10-28 16:31:08.235 [main] SendEmail - for user6 rate is 0
[INFO ] 2022-10-28 16:31:32.911 [main] SendEmail - responds ==> [Respond{id=15, userName='Sergiy Sternenko', dateTime=2022-10-27T19:11, mark=5, respond='rctvbyhnjmkoijlklkylhkrtlhmlrktjhklrjtlhnlthnltnhlenthlnrtlhnlrtnhlrtlhmlrtmhlnrtlhmlrtnhnrrktnhktrnhkrntlhmrhnmlstnmg/snktghnenrgk;nk;rngk;enrgknwkernglenrlgnelrnglenrglenrgjnrgnlernglernglenrglernglnrglnerlgnelrnglerkgnlekrgnelrnglernglernglernglanrgnlernglernglenrgnelrnglenrkgn'}, Respond{id=17, userName='Kolya Petroshchuk', dateTime=2022-10-28T16:21, mark=4, respond='ASDASDADSASDASDASDASD'}]
[INFO ] 2022-10-28 16:31:32.916 [main] SendEmail - for user1 rate is 4.5
[INFO ] 2022-10-28 16:31:32.925 [main] SendEmail - responds ==> [Respond{id=16, userName='Serg', dateTime=2022-10-27T23:29, mark=4, respond='fksmdfmdfmsmdfmsdfmsmdfnmsdfnsdnfsdfmns,dfnsdfnsdfnsndfmdfmmfmdmdmdfmdfmdfmdfmdfdfdfdfdfdfdf'}]
[INFO ] 2022-10-28 16:31:32.926 [main] SendEmail - for user2 rate is 4.0
[INFO ] 2022-10-28 16:31:32.940 [main] SendEmail - responds ==> [Respond{id=21, userName='Sergiy Sternenko', dateTime=2022-10-28T16:28, mark=5, respond='qweqweqweqweqweqwe'}, Respond{id=22, userName='Sergiy Sternenko', dateTime=2022-10-28T16:29, mark=5, respond='dfgdfgfdgdfgdfg'}]
[INFO ] 2022-10-28 16:31:32.940 [main] SendEmail - for user3 rate is 5.0
[INFO ] 2022-10-28 16:31:32.952 [main] SendEmail - responds ==> [Respond{id=19, userName='Kolya Petroshchuk', dateTime=2022-10-28T16:22, mark=4, respond='QWEQWEQWEQWEWQEWQE'}, Respond{id=20, userName='Kolya Petroshchuk', dateTime=2022-10-28T16:22, mark=5, respond='QWEQWEQEQWEQWE'}]
[INFO ] 2022-10-28 16:31:32.952 [main] SendEmail - for user4 rate is 4.5
[INFO ] 2022-10-28 16:31:32.958 [main] SendEmail - responds ==> [Respond{id=18, userName='Kolya Petroshchuk', dateTime=2022-10-28T16:22, mark=5, respond='QWEQEQWEQEQEQWEQWEQWE'}]
[INFO ] 2022-10-28 16:31:32.958 [main] SendEmail - for user5 rate is 5.0
[INFO ] 2022-10-28 16:31:32.960 [main] SendEmail - responds ==> []
[INFO ] 2022-10-28 16:31:32.960 [main] SendEmail - for user6 rate is 0
[INFO ] 2022-10-28 16:31:56.512 [main] SendEmail - responds ==> [Respond{id=15, userName='Sergiy Sternenko', dateTime=2022-10-27T19:11, mark=5}, Respond{id=17, userName='Kolya Petroshchuk', dateTime=2022-10-28T16:21, mark=4}]
[INFO ] 2022-10-28 16:31:56.517 [main] SendEmail - for user1 rate is 4.5
[INFO ] 2022-10-28 16:31:56.526 [main] SendEmail - responds ==> [Respond{id=16, userName='Serg', dateTime=2022-10-27T23:29, mark=4}]
[INFO ] 2022-10-28 16:31:56.526 [main] SendEmail - for user2 rate is 4.0
[INFO ] 2022-10-28 16:31:56.541 [main] SendEmail - responds ==> [Respond{id=21, userName='Sergiy Sternenko', dateTime=2022-10-28T16:28, mark=5}, Respond{id=22, userName='Sergiy Sternenko', dateTime=2022-10-28T16:29, mark=5}]
[INFO ] 2022-10-28 16:31:56.541 [main] SendEmail - for user3 rate is 5.0
[INFO ] 2022-10-28 16:31:56.554 [main] SendEmail - responds ==> [Respond{id=19, userName='Kolya Petroshchuk', dateTime=2022-10-28T16:22, mark=4}, Respond{id=20, userName='Kolya Petroshchuk', dateTime=2022-10-28T16:22, mark=5}]
[INFO ] 2022-10-28 16:31:56.554 [main] SendEmail - for user4 rate is 4.5
[INFO ] 2022-10-28 16:31:56.560 [main] SendEmail - responds ==> [Respond{id=18, userName='Kolya Petroshchuk', dateTime=2022-10-28T16:22, mark=5}]
[INFO ] 2022-10-28 16:31:56.560 [main] SendEmail - for user5 rate is 5.0
[INFO ] 2022-10-28 16:31:56.562 [main] SendEmail - responds ==> []
[INFO ] 2022-10-28 16:31:56.562 [main] SendEmail - for user6 rate is 0
[INFO ] 2022-10-28 16:35:45.922 [main] SendEmail - responds ==> [Respond{id=15, userName='Sergiy Sternenko', dateTime=2022-10-27T19:11, mark=5}, Respond{id=17, userName='Kolya Petroshchuk', dateTime=2022-10-28T16:21, mark=4}]
[INFO ] 2022-10-28 16:35:45.929 [main] SendEmail - for user1 rate is 4.5
[INFO ] 2022-10-28 16:35:45.946 [main] SendEmail - responds ==> [Respond{id=16, userName='Serg', dateTime=2022-10-27T23:29, mark=4}, Respond{id=23, userName='Kolya Petroshchuk', dateTime=2022-10-28T16:34, mark=4}, Respond{id=28, userName='Kolya Petroshchuk', dateTime=2022-10-28T16:35, mark=4}]
[INFO ] 2022-10-28 16:35:45.946 [main] SendEmail - for user2 rate is 4.0
[INFO ] 2022-10-28 16:35:45.965 [main] SendEmail - responds ==> [Respond{id=21, userName='Sergiy Sternenko', dateTime=2022-10-28T16:28, mark=5}, Respond{id=22, userName='Sergiy Sternenko', dateTime=2022-10-28T16:29, mark=5}, Respond{id=24, userName='Kolya Petroshchuk', dateTime=2022-10-28T16:34, mark=3}]
[INFO ] 2022-10-28 16:35:45.965 [main] SendEmail - for user3 rate is 4.333333333333333
[INFO ] 2022-10-28 16:35:45.975 [main] SendEmail - responds ==> [Respond{id=19, userName='Kolya Petroshchuk', dateTime=2022-10-28T16:22, mark=4}, Respond{id=20, userName='Kolya Petroshchuk', dateTime=2022-10-28T16:22, mark=5}]
[INFO ] 2022-10-28 16:35:45.975 [main] SendEmail - for user4 rate is 4.5
[INFO ] 2022-10-28 16:35:45.985 [main] SendEmail - responds ==> [Respond{id=18, userName='Kolya Petroshchuk', dateTime=2022-10-28T16:22, mark=5}, Respond{id=25, userName='Kolya Petroshchuk', dateTime=2022-10-28T16:34, mark=4}]
[INFO ] 2022-10-28 16:35:45.985 [main] SendEmail - for user5 rate is 4.5
[INFO ] 2022-10-28 16:35:45.995 [main] SendEmail - responds ==> [Respond{id=26, userName='Kolya Petroshchuk', dateTime=2022-10-28T16:35, mark=5}, Respond{id=27, userName='Kolya Petroshchuk', dateTime=2022-10-28T16:35, mark=3}]
[INFO ] 2022-10-28 16:35:45.996 [main] SendEmail - for user6 rate is 4.0
[INFO ] 2022-10-28 16:43:38.746 [main] SendEmail - responds ==> [Respond{id=15, userName='Sergiy Sternenko', dateTime=2022-10-27T19:11, mark=5}, Respond{id=17, userName='Kolya Petroshchuk', dateTime=2022-10-28T16:21, mark=4}]
[INFO ] 2022-10-28 16:43:38.754 [main] SendEmail - for user1 rate is 4.5
[INFO ] 2022-10-28 16:43:38.777 [main] SendEmail - responds ==> [Respond{id=16, userName='Serg', dateTime=2022-10-27T23:29, mark=4}, Respond{id=23, userName='Kolya Petroshchuk', dateTime=2022-10-28T16:34, mark=4}, Respond{id=28, userName='Kolya Petroshchuk', dateTime=2022-10-28T16:35, mark=4}]
[INFO ] 2022-10-28 16:43:38.778 [main] SendEmail - for user2 rate is 4.0
[INFO ] 2022-10-28 16:43:38.799 [main] SendEmail - responds ==> [Respond{id=21, userName='Sergiy Sternenko', dateTime=2022-10-28T16:28, mark=5}, Respond{id=22, userName='Sergiy Sternenko', dateTime=2022-10-28T16:29, mark=5}, Respond{id=24, userName='Kolya Petroshchuk', dateTime=2022-10-28T16:34, mark=3}]
[INFO ] 2022-10-28 16:43:38.800 [main] SendEmail - for user3 rate is 4.3
[INFO ] 2022-10-28 16:43:38.816 [main] SendEmail - responds ==> [Respond{id=19, userName='Kolya Petroshchuk', dateTime=2022-10-28T16:22, mark=4}, Respond{id=20, userName='Kolya Petroshchuk', dateTime=2022-10-28T16:22, mark=5}]
[INFO ] 2022-10-28 16:43:38.816 [main] SendEmail - for user4 rate is 4.5
[INFO ] 2022-10-28 16:43:38.834 [main] SendEmail - responds ==> [Respond{id=18, userName='Kolya Petroshchuk', dateTime=2022-10-28T16:22, mark=5}, Respond{id=25, userName='Kolya Petroshchuk', dateTime=2022-10-28T16:34, mark=4}]
[INFO ] 2022-10-28 16:43:38.835 [main] SendEmail - for user5 rate is 4.5
[INFO ] 2022-10-28 16:43:38.847 [main] SendEmail - responds ==> [Respond{id=26, userName='Kolya Petroshchuk', dateTime=2022-10-28T16:35, mark=5}, Respond{id=27, userName='Kolya Petroshchuk', dateTime=2022-10-28T16:35, mark=3}]
[INFO ] 2022-10-28 16:43:38.848 [main] SendEmail - for user6 rate is 4.0
[INFO ] 2022-10-28 16:45:41.291 [main] SendEmail - responds ==> [Respond{id=15, userName='Sergiy Sternenko', dateTime=2022-10-27T19:11, mark=5}, Respond{id=17, userName='Kolya Petroshchuk', dateTime=2022-10-28T16:21, mark=4}]
[INFO ] 2022-10-28 16:45:41.297 [main] SendEmail - for user1 rate is 4.5
[INFO ] 2022-10-28 16:45:41.316 [main] SendEmail - responds ==> [Respond{id=16, userName='Serg', dateTime=2022-10-27T23:29, mark=4}, Respond{id=23, userName='Kolya Petroshchuk', dateTime=2022-10-28T16:34, mark=4}, Respond{id=28, userName='Kolya Petroshchuk', dateTime=2022-10-28T16:35, mark=4}]
[INFO ] 2022-10-28 16:45:41.316 [main] SendEmail - for user2 rate is 4.0
[INFO ] 2022-10-28 16:45:41.334 [main] SendEmail - responds ==> [Respond{id=21, userName='Sergiy Sternenko', dateTime=2022-10-28T16:28, mark=5}, Respond{id=22, userName='Sergiy Sternenko', dateTime=2022-10-28T16:29, mark=5}, Respond{id=24, userName='Kolya Petroshchuk', dateTime=2022-10-28T16:34, mark=3}]
[INFO ] 2022-10-28 16:45:41.334 [main] SendEmail - for user3 rate is 4.3
[INFO ] 2022-10-28 16:45:41.348 [main] SendEmail - responds ==> [Respond{id=19, userName='Kolya Petroshchuk', dateTime=2022-10-28T16:22, mark=4}, Respond{id=20, userName='Kolya Petroshchuk', dateTime=2022-10-28T16:22, mark=5}]
[INFO ] 2022-10-28 16:45:41.348 [main] SendEmail - for user4 rate is 4.5
[INFO ] 2022-10-28 16:45:41.362 [main] SendEmail - responds ==> [Respond{id=18, userName='Kolya Petroshchuk', dateTime=2022-10-28T16:22, mark=5}, Respond{id=25, userName='Kolya Petroshchuk', dateTime=2022-10-28T16:34, mark=4}]
[INFO ] 2022-10-28 16:45:41.362 [main] SendEmail - for user5 rate is 4.5
[INFO ] 2022-10-28 16:45:41.376 [main] SendEmail - responds ==> [Respond{id=26, userName='Kolya Petroshchuk', dateTime=2022-10-28T16:35, mark=5}, Respond{id=27, userName='Kolya Petroshchuk', dateTime=2022-10-28T16:35, mark=3}]
[INFO ] 2022-10-28 16:45:41.376 [main] SendEmail - for user6 rate is 4.0
[ERROR] 2022-10-29 22:24:38.273 [main] DefaultDaoImpl - java.sql.SQLIntegrityConstraintViolationException: Column 'image' cannot be null
